GROUP,PACKAGE,CLASS,INSTRUCTION_MISSED,INSTRUCTION_COVERED,BRANCH_MISSED,BRANCH_COVERED,LINE_MISSED,LINE_COVERED,COMPLEXITY_MISSED,COMPLEXITY_COVERED,METHOD_MISSED,METHOD_COVERED
Calendar,calendar,CalendarMain,420,0,24,0,89,0,14,0,2,0
Calendar,calendar,DateOutOfRangeException,7,0,0,0,4,0,2,0,2,0
Calendar,calendar,Appt,57,285,3,27,12,80,6,39,3,27
Calendar,calendar,CalDay,19,178,5,9,7,45,7,15,3,12
Calendar,calendar,CalendarUtil,17,58,4,0,6,3,4,2,2,2
Calendar,calendar,TimeTable,48,258,8,42,14,66,7,25,1,5
